<?xml version="1.0" encoding="UTF-8"?>
<testsuite xmlns:xsi="http://www.w3.org/2001/XMLSchema-instance" xsi:noNamespaceSchemaLocation="https://maven.apache.org/surefire/maven-surefire-plugin/xsd/surefire-test-report-3.0.xsd" version="3.0" name="com.socialapppro.SocialAppproApplicationTests" time="4.922" tests="1" errors="0" skipped="0" failures="0">
  <properties>
[...]
</properties>
  <testcase name="contextLoads" classname="com.socialapppro.SocialAppproApplicationTests" time="1.107">
    <system-out><![CDATA[14:15:05.659 [main] INFO org.springframework.test.context.support.AnnotationConfigContextLoaderUtils -- Could not detect default configuration classes for test class [com.socialapppro.SocialAppproApplicationTests]: SocialAppproApplicationTests does not declare any static, non-private, non-final, nested classes annotated with @Configuration.
14:15:05.773 [main] INFO org.springframework.boot.test.context.SpringBootTestContextBootstrapper -- Found @SpringBootConfiguration com.socialapppro.SocialAppproApplication for test class com.socialapppro.SocialAppproApplicationTests

  .   ____          _            __ _ _
 /\\ / ___'_ __ _ _(_)_ __  __ _ \ \ \ \
( ( )\___ | '_ | '_| | '_ \/ _` | \ \ \ \
 \\/  ___)| |_)| | | | | || (_| |  ) ) ) )
  '  |____| .__|_| |_|_| |_\__, | / / / /
 =========|_|==============|___/=/_/_/_/
 :: Spring Boot ::                (v3.2.4)

2024-05-18T14:15:06.210+08:00  INFO 23732 --- [           main] c.s.SocialAppproApplicationTests         : Starting SocialAppproApplicationTests using Java 17.0.10 with PID 23732 (started by 咔咔 in D:\java\socialApp)
2024-05-18T14:15:06.212+08:00  INFO 23732 --- [           main] c.s.SocialAppproApplicationTests         : No active profile set, falling back to 1 default profile: "default"
Logging initialized using 'class org.apache.ibatis.logging.stdout.StdOutImpl' adapter.
2024-05-18T14:15:07.500+08:00  INFO 23732 --- [           main] c.g.y.a.MybatisPlusJoinAutoConfiguration : MPJSqlInjector init
[com.socialapppro.mapper.CollegesMapper.update] Has been loaded by XML or SqlProvider or Mybatis's Annotation, so ignoring this injection for [class com.github.yulichang.method.mp.Update]
[com.socialapppro.mapper.CommentsMapper.update] Has been loaded by XML or SqlProvider or Mybatis's Annotation, so ignoring this injection for [class com.github.yulichang.method.mp.Update]
[com.socialapppro.mapper.FollowsMapper.update] Has been loaded by XML or SqlProvider or Mybatis's Annotation, so ignoring this injection for [class com.github.yulichang.method.mp.Update]
[com.socialapppro.mapper.MajorsMapper.update] Has been loaded by XML or SqlProvider or Mybatis's Annotation, so ignoring this injection for [class com.github.yulichang.method.mp.Update]
[com.socialapppro.mapper.ManagersMapper.update] Has been loaded by XML or SqlProvider or Mybatis's Annotation, so ignoring this injection for [class com.github.yulichang.method.mp.Update]
Can not find table primary key in Class: "com.socialapppro.domain.entity.PostTags".
class com.socialapppro.domain.entity.PostTags ,Not found @TableId annotation, Cannot use Mybatis-Plus 'xxById' Method.
Can not find table primary key in Class: "com.socialapppro.domain.entity.Schoolcolleges".
class com.socialapppro.domain.entity.Schoolcolleges ,Not found @TableId annotation, Cannot use Mybatis-Plus 'xxById' Method.
[com.socialapppro.mapper.SchoolsMapper.update] Has been loaded by XML or SqlProvider or Mybatis's Annotation, so ignoring this injection for [class com.github.yulichang.method.mp.Update]
[com.socialapppro.mapper.TagsMapper.update] Has been loaded by XML or SqlProvider or Mybatis's Annotation, so ignoring this injection for [class com.github.yulichang.method.mp.Update]
[com.socialapppro.mapper.UsersMapper.update] Has been loaded by XML or SqlProvider or Mybatis's Annotation, so ignoring this injection for [class com.github.yulichang.method.mp.Update]
Initialization Sequence datacenterId:6 workerId:31
 _ _   |_  _ _|_. ___ _ |    _ 
| | |\/|_)(_| | |_\  |_)||_|_\ 
     /               |         
                        3.5.5 


,------.                           ,--.  ,--.         ,--.                         
|  .--. '  ,--,--.  ,---.   ,---.  |  '--'  |  ,---.  |  |  ,---.   ,---.  ,--.--. 
|  '--' | ' ,-.  | | .-. | | .-. : |  .--.  | | .-. : |  | | .-. | | .-. : |  .--' 
|  | --'  \ '-'  | ' '-' ' \   --. |  |  |  | \   --. |  | | '-' ' \   --. |  |    
`--'       `--`--' .`-  /   `----' `--'  `--'  `----' `--' |  |-'   `----' `--'    
                   `---'                                   `--'                        is intercepting.

 _ _   |_  _ _|_. ___ _ |    _  .  _  .  _  
| | |\/|_)(_| | |_\  |_)||_|_\  | (_) | | | 
     /               |          /
                                    1.4.5
2024-05-18T14:15:09.246+08:00  INFO 23732 --- [           main] c.s.SocialAppproApplicationTests         : Started SocialAppproApplicationTests in 3.318 seconds (process running for 4.413)
]]></system-out>
  </testcase>
</testsuite>